<?xml version="1.0" encoding="UTF-8"?>
<testsuite name="TestSuite" time="23.917" tests="1" errors="0" skipped="0" failures="0">
  <properties>
    <property name="PROCESSOR_ARCHITECTURE" value="AMD64"/>
    <property name="file.encoding.pkg" value="sun.io"/>
    <property name="PHP_FCGI_MAX_REQUESTS" value="0"/>
    <property name="UIPATH_USER_SERVICE_PATH" value="C:\Users\rajar\AppData\Local\UiPath\app-21.4.3\net461\..\UiPath.Service.UserHost.exe"/>
    <property name="LOGONSERVER" value="\\RAJARAM"/>
    <property name="ProgramData" value="C:\ProgramData"/>
    <property name="java.home" value="C:\Program Files\Java\jdk1.8.0_202\jre"/>
    <property name="NODE_NAME" value="master"/>
    <property name="JENKINS_URL" value="http://localhost:8080/"/>
    <property name="ALLUSERSPROFILE" value="C:\ProgramData"/>
    <property name="java.endorsed.dirs" value="C:\Program Files\Java\jdk1.8.0_202\jre\lib\endorsed"/>
    <property name="DSLICENING" value="DSLS"/>
    <property name="PSModulePath" value="C:\Program Files\WindowsPowerShell\Modules;C:\WINDOWS\system32\WindowsPowerShell\v1.0\Modules;C:\Program Files (x86)\Microsoft SQL Server\140\Tools\PowerShell\Modules\;C:\Program Files\apache-maven-3.6.3-bin\apache-maven-3.6.3\bin;"/>
    <property name="=::" value="::\"/>
    <property name="USERDOMAIN" value="RAJARAM"/>
    <property name="sun.os.patch.level" value=""/>
    <property name="java.vendor.url" value="http://java.oracle.com/"/>
    <property name="CommonProgramFiles(x86)" value="C:\Program Files (x86)\Common Files"/>
    <property name="java.version" value="1.8.0_202"/>
    <property name="JOB_NAME" value="MyStrore_Maven"/>
    <property name="COMPUTERNAME" value="RAJARAM"/>
    <property name="ANDROID_HOME" value="C:\Users\rajar\AppData\Local\Android\Sdk"/>
    <property name="java.vendor.url.bug" value="http://bugreport.sun.com/bugreport/"/>
    <property name="PUBLIC" value="C:\Users\Public"/>
    <property name="nodebin" value="C:\Program Files\nodejs\node_modules\npm\bin"/>
    <property name="ChocolateyLastPathUpdate" value="132299691843691916"/>
    <property name="user.name" value="rajar"/>
    <property name="sun.io.unicode.encoding" value="UnicodeLittle"/>
    <property name="sun.jnu.encoding" value="Cp1252"/>
    <property name="java.runtime.name" value="Java(TM) SE Runtime Environment"/>
    <property name="windir" value="C:\WINDOWS"/>
    <property name="angular path" value="C:\Users\rajar\AppData\Roaming\npm\"/>
    <property name="PROCESSOR_IDENTIFIER" value="Intel64 Family 6 Model 61 Stepping 4, GenuineIntel"/>
    <property name="GOOGLE_API_KEY" value="no"/>
    <property name="java.specification.name" value="Java Platform API Specification"/>
    <property name="LOCALAPPDATA" value="C:\Users\rajar\AppData\Local"/>
    <property name="RUN_CHANGES_DISPLAY_URL" value="http://localhost:8080/job/MyStrore_Maven/1/display/redirect?page=changes"/>
    <property name="user.timezone" value="Asia/Calcutta"/>
    <property name="user.script" value=""/>
    <property name="path.separator" value=";"/>
    <property name="NUMBER_OF_PROCESSORS" value="4"/>
    <property name="BUILD_TAG" value="jenkins-MyStrore_Maven-1"/>
    <property name="file.encoding" value="Cp1252"/>
    <property name="sun.java.command" value="jenkins.maven3.agent.Maven35Main C:\Program Files\apache-maven-3.6.3-bin\apache-maven-3.6.3 C:\Users\rajar\.jenkins\war\WEB-INF\lib\remoting-4.6.jar C:\Users\rajar\.jenkins\plugins\maven-plugin\WEB-INF\lib\maven35-interceptor-1.13.jar C:\Users\rajar\.jenkins\plugins\maven-plugin\WEB-INF\lib\maven3-interceptor-commons-1.13.jar 56103"/>
    <property name="HUDSON_URL" value="http://localhost:8080/"/>
    <property name="JENKINS_SERVER_COOKIE" value="eb44776fecf9a3f7"/>
    <property name="EXECUTOR_NUMBER" value="0"/>
    <property name="Path" value="C:\Program Files\Java\jdk1.8.0_202\/bin;C:\Users\rajar\Downloads\Android\bin\platform-tools;C:\Program Files\apache-maven-3.6.3-bin\apache-maven-3.6.3\bin;C:\Program Files\Git\cmd;C:\Program Files\Git\mingw64\bin;C:\Program Files\Git\usr\bin;C:\Program Files (x86)\scala\bin;C:\Program Files (x86)\scala\bin;C:\Users\rajar\AppData\Roaming\npm\;C:\Users\rajar\AppData\Roaming\npm\node_modules\@angular\cli\bin\ng;C:\Program Files\nodejs;C:\Program Files\Git;C:\Program Files\Git\bin;C:\Program Files\Git\cmd;C:\Program Files\Java\jdk1.8.0_202\bin;C:\Users\rajar\AppData\Local\Programs\Microsoft VS\Microsoft VS Code\bin;C:\Users\rajar\AppData\Local\Microsoft\WindowsApps;C:\Users\rajar\AppData\Local\Android\Sdk\platform-tools;C:\Users\rajar\AppData\Local\Android\Sdk\tools;C:\Users\rajar\AppData\Local\Android\Sdk\tools\bin;C:\Program Files\TestProject Agent;C:\Program Files (x86)\scala\bin;"/>
    <property name="java.io.tmpdir" value="C:\Users\rajar\AppData\Local\Temp\"/>
    <property name="APPDATA" value="C:\Users\rajar\AppData\Roaming"/>
    <property name="user.language" value="en"/>
    <property name="line.separator" value="&#10;"/>
    <property name="BUILD_URL" value="http://localhost:8080/job/MyStrore_Maven/1/"/>
    <property name="M2_HOME" value="C:\Program Files\apache-maven-3.6.3-bin\apache-maven-3.6.3"/>
    <property name="=C:" value="C:\Users\rajar"/>
    <property name="java.vm.info" value="mixed mode"/>
    <property name="DriverData" value="C:\Windows\System32\Drivers\DriverData"/>
    <property name="sun.desktop" value="windows"/>
    <property name="java.vm.specification.name" value="Java Virtual Machine Specification"/>
    <property name="BUILD_DISPLAY_NAME" value="#1"/>
    <property name="OS" value="Windows_NT"/>
    <property name="guice.disable.misplaced.annotation.check" value="true"/>
    <property name="nodejs" value="C:\Program Files\nodejs"/>
    <property name="HUDSON_SERVER_COOKIE" value="eb44776fecf9a3f7"/>
    <property name="WORKSPACE_TMP" value="C:\Users\rajar\.jenkins\jobs\MyStrore_Maven\workspace@tmp"/>
    <property name="MAVEN_HOME" value="C:\Program Files\apache-maven-3.6.3-bin\apache-maven-3.6.3"/>
    <property name="SESSIONNAME" value="Console"/>
    <property name="PATHEXT" value=".COM;.EXE;.BAT;.CMD;.VBS;.VBE;.JS;.JSE;.WSF;.WSH;.MSC"/>
    <property name="java.awt.printerjob" value="sun.awt.windows.WPrinterJob"/>
    <property name="maven3.interceptor.common" value="C:\Users\rajar\.jenkins\plugins\maven-plugin\WEB-INF\lib\maven3-interceptor-commons-1.13.jar"/>
    <property name="CLASSPATH" value=""/>
    <property name="HOMEPATH" value="\Users\rajar"/>
    <property name="os.name" value="Windows 10"/>
    <property name="java.specification.vendor" value="Oracle Corporation"/>
    <property name="java.vm.name" value="Java HotSpot(TM) 64-Bit Server VM"/>
    <property name="BUILD_NUMBER" value="1"/>
    <property name="Android_Platform" value="C:\Users\rajar\AppData\Local\Android\Sdk\platform-tools"/>
    <property name="ADSK_CLM_WPAD_PROXY_CHECK" value="FALSE"/>
    <property name="maven3.interceptor" value="C:\Users\rajar\.jenkins\plugins\maven-plugin\WEB-INF\lib\maven35-interceptor-1.13.jar"/>
    <property name="java.library.path" value="C:\Program Files\Java\jdk1.8.0_202\bin;C:\WINDOWS\Sun\Java\bin;C:\WINDOWS\system32;C:\WINDOWS;C:\Program Files\apache-maven-3.6.3-bin\apache-maven-3.6.3/bin;C:\Program Files\Java\jdk1.8.0_202\/bin;C:\Program Files\Java\jdk1.8.0_202\/bin;C:\Users\rajar\Downloads\Android\bin\platform-tools;C:\Program Files\apache-maven-3.6.3-bin\apache-maven-3.6.3\bin;C:\Program Files\Git\cmd;C:\Program Files\Git\mingw64\bin;C:\Program Files\Git\usr\bin;C:\Program Files (x86)\scala\bin;C:\Program Files (x86)\scala\bin;C:\Users\rajar\AppData\Roaming\npm\;C:\Users\rajar\AppData\Roaming\npm\node_modules\@angular\cli\bin\ng;C:\Program Files\nodejs;C:\Program Files\Git;C:\Program Files\Git\bin;C:\Program Files\Git\cmd;C:\Program Files\Java\jdk1.8.0_202\bin;C:\Users\rajar\AppData\Local\Programs\Microsoft VS\Microsoft VS Code\bin;C:\Users\rajar\AppData\Local\Microsoft\WindowsApps;C:\Users\rajar\AppData\Local\Android\Sdk\platform-tools;C:\Users\rajar\AppData\Local\Android\Sdk\tools;C:\Users\rajar\AppData\Local\Android\Sdk\tools\bin;C:\Program Files\TestProject Agent;C:\Program Files (x86)\scala\bin;;."/>
    <property name="HOMEDRIVE" value="C:"/>
    <property name="java.class.version" value="52.0"/>
    <property name="JOB_URL" value="http://localhost:8080/job/MyStrore_Maven/"/>
    <property name="OneDrive" value="C:\Users\rajar\OneDrive"/>
    <property name="RUN_DISPLAY_URL" value="http://localhost:8080/job/MyStrore_Maven/1/display/redirect"/>
    <property name="JENKINS_HOME" value="C:\Users\rajar\.jenkins"/>
    <property name="BUILD_ID" value="1"/>
    <property name="TEMP" value="C:\Users\rajar\AppData\Local\Temp"/>
    <property name="sun.boot.library.path" value="C:\Program Files\Java\jdk1.8.0_202\jre\bin"/>
    <property name="npm" value="C:\Users\rajar\AppData\Roaming\npm\"/>
    <property name="sun.management.compiler" value="HotSpot 64-Bit Tiered Compilers"/>
    <property name="java.awt.graphicsenv" value="sun.awt.Win32GraphicsEnvironment"/>
    <property name="user.variant" value=""/>
    <property name="PROCESSOR_REVISION" value="3d04"/>
    <property name="HUDSON_HOME" value="C:\Users\rajar\.jenkins"/>
    <property name="ProgramFiles(x86)" value="C:\Program Files (x86)"/>
    <property name="PATH+MAVEN" value="C:\Program Files\apache-maven-3.6.3-bin\apache-maven-3.6.3/bin"/>
    <property name="USERDOMAIN_ROAMINGPROFILE" value="RAJARAM"/>
    <property name="RUN_ARTIFACTS_DISPLAY_URL" value="http://localhost:8080/job/MyStrore_Maven/1/display/redirect?page=artifacts"/>
    <property name="PROMPT" value="$P$G"/>
    <property name="java.vm.specification.version" value="1.8"/>
    <property name="JAVA_HOME" value="C:\Program Files\Java\jdk1.8.0_202\"/>
    <property name="awt.toolkit" value="sun.awt.windows.WToolkit"/>
    <property name="NODE_LABELS" value="master"/>
    <property name="sun.cpu.isalist" value="amd64"/>
    <property name="USERPROFILE" value="C:\Users\rajar"/>
    <property name="asl.log" value="Destination=file"/>
    <property name="JOB_DISPLAY_URL" value="http://localhost:8080/job/MyStrore_Maven/display/redirect"/>
    <property name="java.ext.dirs" value="C:\Program Files\Java\jdk1.8.0_202\jre\lib\ext;C:\WINDOWS\Sun\Java\lib\ext"/>
    <property name="os.version" value="10.0"/>
    <property name="user.home" value="C:\Users\rajar"/>
    <property name="USERNAME" value="rajar"/>
    <property name="java.vm.vendor" value="Oracle Corporation"/>
    <property name="PROCESSOR_LEVEL" value="6"/>
    <property name="GOOGLE_DEFAULT_CLIENT_ID" value="no"/>
    <property name="CommonProgramW6432" value="C:\Program Files\Common Files"/>
    <property name="user.dir" value="F:\MONU PROJECT\ECLIPSE\Training"/>
    <property name="maven.conf" value="C:\Program Files\apache-maven-3.6.3-bin\apache-maven-3.6.3\conf"/>
    <property name="ProgramW6432" value="C:\Program Files"/>
    <property name="TMP" value="C:\Users\rajar\AppData\Local\Temp"/>
    <property name="sun.cpu.endian" value="little"/>
    <property name="SystemDrive" value="C:"/>
    <property name="java.vm.version" value="25.202-b08"/>
    <property name="java.class.path" value="C:\Users\rajar\.jenkins\plugins\maven-plugin\WEB-INF\lib\maven35-agent-1.13.jar;C:\Program Files\apache-maven-3.6.3-bin\apache-maven-3.6.3\boot\plexus-classworlds-2.6.0.jar;C:\Program Files\apache-maven-3.6.3-bin\apache-maven-3.6.3/conf/logging"/>
    <property name="org.slf4j.simpleLogger.defaultLogLevel" value="info"/>
    <property name="os.arch" value="amd64"/>
    <property name="OneDriveConsumer" value="C:\Users\rajar\OneDrive"/>
    <property name="WORKSPACE" value="C:\Users\rajar\.jenkins\jobs\MyStrore_Maven\workspace"/>
    <property name="ComSpec" value="C:\WINDOWS\system32\cmd.exe"/>
    <property name="RUN_TESTS_DISPLAY_URL" value="http://localhost:8080/job/MyStrore_Maven/1/display/redirect?page=tests"/>
    <property name="sun.java.launcher" value="SUN_STANDARD"/>
    <property name="SystemRoot" value="C:\WINDOWS"/>
    <property name="CommonProgramFiles" value="C:\Program Files\Common Files"/>
    <property name="java.vm.specification.vendor" value="Oracle Corporation"/>
    <property name="file.separator" value="\"/>
    <property name="ChocolateyInstall" value="C:\ProgramData\chocolatey"/>
    <property name="java.runtime.version" value="1.8.0_202-b08"/>
    <property name="ProgramFiles" value="C:\Program Files"/>
    <property name="sun.boot.class.path" value="C:\Program Files\Java\jdk1.8.0_202\jre\lib\resources.jar;C:\Program Files\Java\jdk1.8.0_202\jre\lib\rt.jar;C:\Program Files\Java\jdk1.8.0_202\jre\lib\sunrsasign.jar;C:\Program Files\Java\jdk1.8.0_202\jre\lib\jsse.jar;C:\Program Files\Java\jdk1.8.0_202\jre\lib\jce.jar;C:\Program Files\Java\jdk1.8.0_202\jre\lib\charsets.jar;C:\Program Files\Java\jdk1.8.0_202\jre\lib\jfr.jar;C:\Program Files\Java\jdk1.8.0_202\jre\classes"/>
    <property name="PATH+JDK" value="C:\Program Files\Java\jdk1.8.0_202\/bin"/>
    <property name="user.country" value="IN"/>
    <property name="PERL5LIB" value="F:\oracle\product\10.2.0\db_1\perl\5.8.3\lib\MSWin32-x86;F:\oracle\product\10.2.0\db_1\perl\5.8.3\lib;F:\oracle\product\10.2.0\db_1\perl\5.8.3\lib\MSWin32-x86;F:\oracle\product\10.2.0\db_1\perl\site\5.8.3;F:\oracle\product\10.2.0\db_1\perl\site\5.8.3\lib;F:\oracle\product\10.2.0\db_1\sysman\admin\scripts;"/>
    <property name="maven.home" value="C:\Program Files\apache-maven-3.6.3-bin\apache-maven-3.6.3"/>
    <property name="JOB_BASE_NAME" value="MyStrore_Maven"/>
    <property name="java.vendor" value="Oracle Corporation"/>
    <property name="GOOGLE_DEFAULT_CLIENT_SECRET" value="no"/>
    <property name="java.specification.version" value="1.8"/>
    <property name="sun.arch.data.model" value="64"/>
  </properties>
  <testcase name="endToEndTest" classname="com.Training.testcases.EndToEndTest" time="23.917"/>
</testsuite>