<?xml version="1.0" encoding="UTF-8"?>
<!-- Generated by org.testng.reporters.JUnitReportReporter -->
<testsuite skipped="0" hostname="Rajaram" name="com.Training.testcases.OrderPageTest" tests="1" failures="0" timestamp="10 Feb 2022 09:27:12 GMT" time="8.709" errors="0">
  <testcase name="verifyTotalPrice" time="8.709" classname="com.Training.testcases.OrderPageTest"/>
</testsuite> <!-- com.Training.testcases.OrderPageTest -->
