<?xml version="1.0" encoding="UTF-8"?>
<!-- Generated by org.testng.reporters.JUnitReportReporter -->
<testsuite skipped="0" hostname="Rajaram" name="com.Training.testcases.HomePageTest" tests="1" failures="0" timestamp="09 Feb 2022 09:42:21 GMT" time="5.139" errors="0">
  <testcase name="wishlistAndorderHistoryandDetailsTest" time="5.139" classname="com.Training.testcases.HomePageTest"/>
</testsuite> <!-- com.Training.testcases.HomePageTest -->
