<?xml version="1.0" encoding="UTF-8"?>
<!-- Generated by org.testng.reporters.JUnitReportReporter -->
<testsuite skipped="0" hostname="Rajaram" name="com.Training.testcases.SearchResultPageTest" tests="1" failures="0" timestamp="09 Feb 2022 11:35:22 GMT" time="0.336" errors="0">
  <testcase name="productAvailabilityTest" time="0.336" classname="com.Training.testcases.SearchResultPageTest"/>
</testsuite> <!-- com.Training.testcases.SearchResultPageTest -->
