<?xml version="1.0" encoding="UTF-8"?>
<!-- Generated by org.testng.reporters.JUnitReportReporter -->
<testsuite skipped="0" hostname="Rajaram" name="com.Training.testcases.EndToEndTest" tests="1" failures="0" timestamp="10 Feb 2022 11:02:40 GMT" time="23.445" errors="0">
  <testcase name="endToEndTest" time="23.445" classname="com.Training.testcases.EndToEndTest"/>
</testsuite> <!-- com.Training.testcases.EndToEndTest -->
