<?xml version="1.0" encoding="UTF-8"?>
<!-- Generated by org.testng.reporters.JUnitReportReporter -->
<testsuite skipped="0" hostname="Rajaram" name="com.Training.testcases.IndexPageTest" tests="2" failures="0" timestamp="09 Feb 2022 09:42:21 GMT" time="0.272" errors="0">
  <testcase name="getStoreTitle" time="0.157" classname="com.Training.testcases.IndexPageTest"/>
  <testcase name="verifyLogo" time="0.115" classname="com.Training.testcases.IndexPageTest"/>
</testsuite> <!-- com.Training.testcases.IndexPageTest -->
