<?xml version="1.0" encoding="UTF-8"?>
<!-- Generated by org.testng.reporters.JUnitReportReporter -->
<testsuite skipped="0" hostname="Rajaram" name="com.Training.testcases.EndToEndTest" tests="1" failures="0" timestamp="2022-02-16T23:21:29 IST" time="23.887" errors="0">
  <testcase name="endToEndTest" time="23.887" classname="com.Training.testcases.EndToEndTest"/>
  <system-out/>
</testsuite> <!-- com.Training.testcases.EndToEndTest -->
